Arguments: 
  /usr/bin/node /usr/bin/yarn add express

PATH: 
  /home/laptop-vit/bin:/home/laptop-vit/.local/bin:/opt/maven/bin:/opt/gradle/gradle-4.8.1/bin:/usr/local/sbin:/usr/local/bin:/usr/sbin:/usr/bin:/sbin:/bin:/usr/games:/usr/local/games:/snap/bin:/usr/lib/jvm/java-8-oracle/bin:/usr/lib/jvm/java-8-oracle/db/bin:/usr/lib/jvm/java-8-oracle/jre/bin

Yarn version: 
  1.7.0

Node version: 
  8.11.3

Platform: 
  linux x64

Trace: 
  Error: EACCES: permission denied, rmdir '/home/laptop-vit/Escritorio/portal-app/node_modules/.staging/@angular-devkit'

npm manifest: 
  {
    "name": "client-avanzamas",
    "version": "0.0.1",
    "license": "MIT",
    "scripts": {
      "ng": "ng",
      "start": "node server.js",
      "build": "ng build",
      "test": "ng test",
      "lint": "ng lint",
      "e2e": "ng e2e",
      "postinstall": "ng build --aot --prod"
    },
    "private": true,
    "dependencies": {
      "@angular/animations": "^5.0.0",
      "@angular/common": "^5.0.0",
      "@angular/compiler": "^5.0.0",
      "@angular/core": "^5.0.0",
      "@angular/forms": "^5.0.0",
      "@angular/http": "^5.0.0",
      "@angular/platform-browser": "^5.0.0",
      "@angular/platform-browser-dynamic": "^5.0.0",
      "@angular/router": "^5.0.0",
      "bootstrap": "^3.3.7",
      "core-js": "^2.4.1",
      "rxjs": "^5.5.2",
      "zone.js": "^0.8.14",
      "express": "^4.16.2",
      "typescript": "~2.4.2"
    },
    "devDependencies": {
      "@angular/cli": "^1.6.3",
      "@angular/compiler-cli": "^5.0.0",
      "@angular/language-service": "^5.0.0",
      "@types/jasmine": "~2.5.53",
      "@types/jasminewd2": "~2.0.2",
      "@types/node": "~6.0.60",
      "codelyzer": "^4.0.1",
      "jasmine-core": "~2.6.2",
      "jasmine-spec-reporter": "~4.1.0",
      "karma": "~1.7.0",
      "karma-chrome-launcher": "~2.1.1",
      "karma-cli": "~1.0.1",
      "karma-coverage-istanbul-reporter": "^1.2.1",
      "karma-jasmine": "~1.1.0",
      "karma-jasmine-html-reporter": "^0.2.2",
      "protractor": "~5.1.2",
      "ts-node": "~3.2.0",
      "tslint": "~5.7.0",
      "typescript": "~2.4.2",
      "enhanced-resolve": "^3.3.0"
    },
    "engines": {
      "node": "8.11.3",
      "npm": "6.3.0"
      }
  }

yarn manifest: 
  No manifest

Lockfile: 
  No lockfile
